nohup: ignoring input
2026-05-05 02:33:56 [INFO] __main__ - ============================================================
2026-05-05 02:33:56 [INFO] __main__ - Pipeline stages: stats
2026-05-05 02:33:56 [INFO] __main__ - ============================================================
2026-05-05 02:33:56 [INFO] __main__ - Stage: STATS
2026-05-05 02:33:57 [INFO] __main__ - Computing normalisation statistics from training split...
2026-05-05 02:33:57 [INFO] dataset - Computing normalisation statistics from /data/Data_yuq/unet_workdir/paired/train  (workers=8)
2026-05-05 02:33:57 [INFO] dataset - Using 126/126 train files after date filter: 20190105,20190125,20190205,20190225,20190305,20190325,20190405,20190425,20190505,20190525,20190605,20190625,20190705,20190725,20190805,20190825,20190905,20190925,20191005,20191025,20191105,20191125,20191205,20191225
2026-05-05 02:34:00 [INFO] dataset -   10 / 126 files processed  (valid BT px so far: 4951040)
2026-05-05 02:34:02 [INFO] dataset -   20 / 126 files processed  (valid BT px so far: 16358400)
2026-05-05 02:34:03 [INFO] dataset -   30 / 126 files processed  (valid BT px so far: 24788992)
2026-05-05 02:34:06 [INFO] dataset -   40 / 126 files processed  (valid BT px so far: 34747392)
2026-05-05 02:34:09 [INFO] dataset -   50 / 126 files processed  (valid BT px so far: 44561408)
2026-05-05 02:34:10 [INFO] dataset -   60 / 126 files processed  (valid BT px so far: 55109632)
2026-05-05 02:34:11 [INFO] dataset -   70 / 126 files processed  (valid BT px so far: 60007424)
2026-05-05 02:34:13 [INFO] dataset -   80 / 126 files processed  (valid BT px so far: 68003840)
2026-05-05 02:34:17 [INFO] dataset -   90 / 126 files processed  (valid BT px so far: 80656384)
2026-05-05 02:34:18 [INFO] dataset -   100 / 126 files processed  (valid BT px so far: 92166144)
2026-05-05 02:34:20 [INFO] dataset -   110 / 126 files processed  (valid BT px so far: 98281472)
2026-05-05 02:34:22 [INFO] dataset -   120 / 126 files processed  (valid BT px so far: 109716480)
2026-05-05 02:34:23 [INFO] dataset -   126 / 126 files processed  (valid BT px so far: 118975480)
2026-05-05 02:34:23 [INFO] dataset - Saved normalisation stats → /data/Data_yuq/unet_workdir/stats/norm_stats.npz
2026-05-05 02:34:23 [INFO] dataset - Stats computed across 126 files (BT valid px=118975480, output valid px=[110447426, 76708839])
2026-05-05 02:34:23 [INFO] __main__ - Stats saved to /data/Data_yuq/unet_workdir/stats/norm_stats.npz
2026-05-05 02:34:23 [INFO] __main__ - Stage STATS complete
2026-05-05 02:34:23 [INFO] __main__ - All stages finished.
2026-05-05 02:34:24 [INFO] __main__ - ============================================================
2026-05-05 02:34:24 [INFO] __main__ - Pipeline stages: train
2026-05-05 02:34:24 [INFO] __main__ - ============================================================
2026-05-05 02:34:24 [INFO] __main__ - Stage: TRAIN
2026-05-05 02:34:25 [INFO] numexpr.utils - Note: detected 96 virtual cores but NumExpr set to maximum of 64, check "NUMEXPR_MAX_THREADS" environment variable.
2026-05-05 02:34:25 [INFO] numexpr.utils - Note: NumExpr detected 96 cores but "NUMEXPR_MAX_THREADS" not set, so enforcing safe limit of 16.
2026-05-05 02:34:25 [INFO] numexpr.utils - NumExpr defaulting to 16 threads.
2026-05-05 02:34:25 [INFO] __main__ - Starting training...
2026-05-05 02:34:28 [INFO] train - Training on cuda
2026-05-05 02:34:28 [INFO] dataset - Using 126/126 train files after date filter: 20190105,20190125,20190205,20190225,20190305,20190325,20190405,20190425,20190505,20190525,20190605,20190625,20190705,20190725,20190805,20190825,20190905,20190925,20191005,20191025,20191105,20191125,20191205,20191225
2026-05-05 02:34:28 [INFO] dataset - Building patch index from 126 files in /data/Data_yuq/unet_workdir/paired/train (mode=train, min_valid_label=512, min_valid_cloudy=154) …
2026-05-05 02:35:44 [INFO] dataset - Dataset ready – 116187 patches (from 126 files, mode=train)
2026-05-05 02:35:44 [INFO] dataset - Using 33/33 val files after date filter: 20190115,20190315,20190515,20190715,20190915,20191115
2026-05-05 02:35:44 [INFO] dataset - Building patch index from 33 files in /data/Data_yuq/unet_workdir/paired/val (mode=val, min_valid_label=256, min_valid_cloudy=77) …
2026-05-05 02:35:50 [INFO] dataset - Dataset ready – 8117 patches (from 33 files, mode=val)
2026-05-05 02:35:50 [INFO] dataset - Using 29/29 test files after date filter: 20190215,20190415,20190615,20190815,20191015,20191215
2026-05-05 02:35:50 [INFO] dataset - Building patch index from 29 files in /data/Data_yuq/unet_workdir/paired/test (mode=test, min_valid_label=256, min_valid_cloudy=77) …
2026-05-05 02:35:55 [INFO] dataset - Dataset ready – 7609 patches (from 29 files, mode=test)
2026-05-05 02:35:55 [INFO] train - train patches = 116187
2026-05-05 02:35:55 [INFO] train - val patches   = 8117
2026-05-05 02:35:55 [INFO] train - train iters/epoch = 3631
2026-05-05 02:35:55 [INFO] train - val iters/epoch   = 254
/home/yuq/cloudmask/unet/train.py:247: FutureWarning: `torch.cuda.amp.GradScaler(args...)` is deprecated. Please use `torch.amp.GradScaler('cuda', args...)` instead.
  scaler = GradScaler() if torch.cuda.is_available() else None
2026-05-05 02:35:56 [INFO] train - Computing CLP class distribution from training set ...
2026-05-05 02:37:54 [INFO] train - CLP class distribution: c0=30.5% | c1=37.6% | c2=31.8%
2026-05-05 02:37:54 [INFO] train - CLP loss weights: c0=3.27 | c1=2.66 | c2=3.14
/home/yuq/cloudmask/unet/train.py:187: FutureWarning: `torch.cuda.amp.autocast(args...)` is deprecated. Please use `torch.amp.autocast('cuda', args...)` instead.
  with autocast(enabled=(scaler is not None)):
2026-05-05 02:40:04 [INFO] train - Epoch   1/30 | TrainLoss=1.4534 (CLP=1.0521 CTH=0.4013) | ValLoss=1.4544 | OA=40.67% | CTH_RMSE=4894.4 | LR=1.00e-04 | c0=43.7 c1=30.0 c2=27.5 | 130.6s
2026-05-05 02:40:04 [INFO] train -   ✓ New best val_macro_acc: 33.881327 (OA=40.67% Macro=33.88%) → saved HIR_COMP_UNet_AGRIonly_best.pth
2026-05-05 02:42:12 [INFO] train - Epoch   2/30 | TrainLoss=1.4031 (CLP=1.0266 CTH=0.3765) | ValLoss=1.4443 | OA=42.54% | CTH_RMSE=4841.6 | LR=1.00e-04 | c0=37.9 c1=35.7 c2=28.7 | 127.6s
2026-05-05 02:42:12 [INFO] train -   ✓ New best val_macro_acc: 34.230364 (OA=42.54% Macro=34.23%) → saved HIR_COMP_UNet_AGRIonly_best.pth
2026-05-05 02:44:20 [INFO] train - Epoch   3/30 | TrainLoss=1.3874 (CLP=1.0185 CTH=0.3689) | ValLoss=1.4804 | OA=41.43% | CTH_RMSE=4947.3 | LR=1.00e-04 | c0=44.0 c1=31.7 c2=26.5 | 128.1s
2026-05-05 02:46:31 [INFO] train - Epoch   4/30 | TrainLoss=1.3760 (CLP=1.0128 CTH=0.3632) | ValLoss=1.4690 | OA=42.06% | CTH_RMSE=4924.1 | LR=1.00e-04 | c0=35.4 c1=32.6 c2=35.8 | 130.4s
2026-05-05 02:46:31 [INFO] train -   ✓ New best val_macro_acc: 34.739054 (OA=42.06% Macro=34.74%) → saved HIR_COMP_UNet_AGRIonly_best.pth
2026-05-05 02:48:39 [INFO] train - Epoch   5/30 | TrainLoss=1.3643 (CLP=1.0069 CTH=0.3575) | ValLoss=1.4935 | OA=41.76% | CTH_RMSE=4974.9 | LR=1.00e-04 | c0=39.9 c1=31.3 c2=31.6 | 128.5s
2026-05-05 02:50:47 [INFO] train - Epoch   6/30 | TrainLoss=1.3545 (CLP=1.0022 CTH=0.3523) | ValLoss=1.4976 | OA=42.17% | CTH_RMSE=5018.3 | LR=1.00e-04 | c0=37.8 c1=34.4 c2=29.3 | 128.1s
2026-05-05 02:52:56 [INFO] train - Epoch   7/30 | TrainLoss=1.3490 (CLP=0.9993 CTH=0.3498) | ValLoss=1.4832 | OA=41.81% | CTH_RMSE=4985.8 | LR=1.00e-04 | c0=38.2 c1=31.6 c2=32.7 | 128.4s
2026-05-05 02:55:04 [INFO] train - Epoch   8/30 | TrainLoss=1.3434 (CLP=0.9955 CTH=0.3479) | ValLoss=1.4747 | OA=42.72% | CTH_RMSE=4938.9 | LR=1.00e-04 | c0=37.8 c1=32.9 c2=32.0 | 127.9s
2026-05-05 02:57:11 [INFO] train - Epoch   9/30 | TrainLoss=1.3375 (CLP=0.9928 CTH=0.3448) | ValLoss=1.4729 | OA=42.22% | CTH_RMSE=4921.2 | LR=1.00e-04 | c0=35.7 c1=36.4 c2=28.7 | 127.8s
2026-05-05 02:59:19 [INFO] train - Epoch  10/30 | TrainLoss=1.3332 (CLP=0.9898 CTH=0.3434) | ValLoss=1.4975 | OA=42.03% | CTH_RMSE=4947.1 | LR=1.00e-04 | c0=38.5 c1=34.4 c2=29.7 | 127.6s
2026-05-05 03:01:27 [INFO] train - Epoch  11/30 | TrainLoss=1.3270 (CLP=0.9869 CTH=0.3401) | ValLoss=1.4970 | OA=42.43% | CTH_RMSE=5004.6 | LR=5.00e-05 | c0=38.5 c1=32.0 c2=32.4 | 128.0s
2026-05-05 03:03:36 [INFO] train - Epoch  12/30 | TrainLoss=1.3109 (CLP=0.9783 CTH=0.3326) | ValLoss=1.4926 | OA=42.46% | CTH_RMSE=4994.9 | LR=5.00e-05 | c0=38.4 c1=30.4 c2=35.1 | 128.4s
2026-05-05 03:03:36 [INFO] train -   ✓ New best val_macro_acc: 34.740812 (OA=42.46% Macro=34.74%) → saved HIR_COMP_UNet_AGRIonly_best.pth
2026-05-05 03:05:43 [INFO] train - Epoch  13/30 | TrainLoss=1.3056 (CLP=0.9756 CTH=0.3301) | ValLoss=1.4896 | OA=42.51% | CTH_RMSE=4988.6 | LR=5.00e-05 | c0=37.8 c1=31.4 c2=33.8 | 127.7s
2026-05-05 03:07:52 [INFO] train - Epoch  14/30 | TrainLoss=1.3023 (CLP=0.9739 CTH=0.3284) | ValLoss=1.4952 | OA=42.34% | CTH_RMSE=4999.4 | LR=5.00e-05 | c0=39.5 c1=30.8 c2=32.3 | 128.2s
2026-05-05 03:09:59 [INFO] train - Epoch  15/30 | TrainLoss=1.2991 (CLP=0.9719 CTH=0.3272) | ValLoss=1.5085 | OA=42.37% | CTH_RMSE=5055.8 | LR=5.00e-05 | c0=38.3 c1=32.2 c2=32.5 | 128.0s
2026-05-05 03:12:08 [INFO] train - Epoch  16/30 | TrainLoss=1.2983 (CLP=0.9712 CTH=0.3271) | ValLoss=1.4926 | OA=42.39% | CTH_RMSE=4981.8 | LR=5.00e-05 | c0=38.2 c1=30.2 c2=34.4 | 128.1s
2026-05-05 03:14:16 [INFO] train - Epoch  17/30 | TrainLoss=1.2951 (CLP=0.9695 CTH=0.3256) | ValLoss=1.5176 | OA=41.88% | CTH_RMSE=5068.0 | LR=5.00e-05 | c0=35.6 c1=31.0 c2=36.7 | 128.0s
2026-05-05 03:16:24 [INFO] train - Epoch  18/30 | TrainLoss=1.2910 (CLP=0.9675 CTH=0.3235) | ValLoss=1.5131 | OA=42.74% | CTH_RMSE=5049.0 | LR=2.50e-05 | c0=36.8 c1=32.5 c2=33.4 | 128.1s
2026-05-05 03:18:32 [INFO] train - Epoch  19/30 | TrainLoss=1.2817 (CLP=0.9617 CTH=0.3200) | ValLoss=1.5144 | OA=41.81% | CTH_RMSE=5030.4 | LR=2.50e-05 | c0=35.9 c1=31.9 c2=34.7 | 128.0s
2026-05-05 03:20:40 [INFO] train - Epoch  20/30 | TrainLoss=1.2770 (CLP=0.9594 CTH=0.3176) | ValLoss=1.5078 | OA=42.33% | CTH_RMSE=5057.1 | LR=2.50e-05 | c0=35.8 c1=31.2 c2=35.5 | 128.0s
2026-05-05 03:22:48 [INFO] train - Epoch  21/30 | TrainLoss=1.2755 (CLP=0.9587 CTH=0.3168) | ValLoss=1.5128 | OA=42.63% | CTH_RMSE=5051.8 | LR=2.50e-05 | c0=33.6 c1=30.8 c2=38.7 | 127.9s
2026-05-05 03:24:55 [INFO] train - Epoch  22/30 | TrainLoss=1.2758 (CLP=0.9586 CTH=0.3173) | ValLoss=1.5096 | OA=42.74% | CTH_RMSE=5057.1 | LR=2.50e-05 | c0=36.4 c1=29.8 c2=37.1 | 127.6s
2026-05-05 03:24:55 [INFO] train - Early stopping at epoch 22 (no improvement for 10 epochs)
2026-05-05 03:24:55 [INFO] train - Training complete. Best val_macro_acc: 34.740812, OA: 42.46%, Macro: 34.74%
2026-05-05 03:24:55 [INFO] __main__ - Stage TRAIN complete
2026-05-05 03:24:55 [INFO] __main__ - All stages finished.
2026-05-05 03:24:56 [INFO] __main__ - ============================================================
2026-05-05 03:24:56 [INFO] __main__ - Pipeline stages: test
2026-05-05 03:24:56 [INFO] __main__ - ============================================================
2026-05-05 03:24:56 [INFO] __main__ - Stage: TEST
2026-05-05 03:24:58 [INFO] numexpr.utils - Note: detected 96 virtual cores but NumExpr set to maximum of 64, check "NUMEXPR_MAX_THREADS" environment variable.
2026-05-05 03:24:58 [INFO] numexpr.utils - Note: NumExpr detected 96 cores but "NUMEXPR_MAX_THREADS" not set, so enforcing safe limit of 16.
2026-05-05 03:24:58 [INFO] numexpr.utils - NumExpr defaulting to 16 threads.
2026-05-05 03:25:01 [INFO] test - Evaluating on cuda
2026-05-05 03:25:01 [INFO] test - Loaded checkpoint /data/Data_yuq/unet_workdir/model/HIR_COMP_UNet_AGRIonly_best.pth
2026-05-05 03:25:01 [INFO] dataset - Loading test split only from /data/Data_yuq/unet_workdir/paired/test (mode=test)
2026-05-05 03:25:01 [INFO] dataset - Using 29/29 test files after date filter: 20190215,20190415,20190615,20190815,20191015,20191215
2026-05-05 03:25:01 [INFO] dataset - Building patch index from 29 files in /data/Data_yuq/unet_workdir/paired/test (mode=test, min_valid_label=256, min_valid_cloudy=77) …
2026-05-05 03:25:06 [INFO] dataset - Dataset ready – 7609 patches (from 29 files, mode=test)
2026-05-05 03:25:27 [INFO] test - ────────────────────────────────────────────────────────────
2026-05-05 03:25:27 [INFO] test - CLP valid pixels: valid_clp_pixels=6906046 total_pixels=7791616 valid_ratio=0.886343
2026-05-05 03:25:27 [INFO] test - Cloud Phase  – OA = 44.43%
2026-05-05 03:25:27 [INFO] test - Cloud Phase  – macro acc/recall = 43.59%
2026-05-05 03:25:27 [INFO] test -   Clear        acc/recall = 39.48%
2026-05-05 03:25:27 [INFO] test -   Water        acc/recall = 32.48%
2026-05-05 03:25:27 [INFO] test -   Ice          acc/recall = 58.81%
2026-05-05 03:25:27 [INFO] test - CTH (n=4838592)  RMSE=5640.448 m  MAE=4562.106  Bias=-558.884  R=0.3273
2026-05-05 03:25:27 [INFO] test - ────────────────────────────────────────────────────────────
2026-05-05 03:25:27 [INFO] test - Saved confusion matrix → /data/Data_yuq/unet_workdir/eval/confusion_matrix.png
2026-05-05 03:25:28 [INFO] test - Saved scatter → /data/Data_yuq/unet_workdir/eval/scatter_CTH.png
2026-05-05 03:25:28 [INFO] test - Evaluation complete – results in /data/Data_yuq/unet_workdir/eval
2026-05-05 03:25:28 [INFO] __main__ - Stage TEST complete
2026-05-05 03:25:28 [INFO] __main__ - All stages finished.
